<?xml version="1.0" encoding="UTF-8"?>
<!-- Generated by org.testng.reporters.JUnitReportReporter -->
<testsuite hostname="Mohammeds-MacBook-Pro.local" failures="0" tests="1" name="com.JenkinsSample" time="9.635" errors="0" timestamp="2021-10-11T12:07:34 IST" skipped="0">
  <testcase classname="com.JenkinsSample" name="executeLillPulitzerTest" time="9.635"/>
  <system-out/>
</testsuite> <!-- com.JenkinsSample -->
